2024-10-25 09:31:01,760;INFO;Started!
/mnt/homeGPU/tenayat/condaenv38/lib/python3.8/site-packages/tensorflow/python/framework/dtypes.py:513: FutureWarning: In the future `np.object` will be defined as the corresponding NumPy scalar.
  np.object,
/mnt/homeGPU/tenayat/condaenv38/lib/python3.8/site-packages/tensorflow/python/framework/dtypes.py:513: FutureWarning: In the future `np.object` will be defined as the corresponding NumPy scalar.
  np.object,
2024-10-25 09:31:08,156;INFO;LOADED THE LIBRARIES
2024-10-25 09:31:08,239;INFO;DEVICE: cuda
2024-10-25 09:31:13,721;INFO;MODEL LOADED SUCCESSFULLY
2024-10-25 09:32:05,717;INFO;index:0image name:1BA001
2024-10-25 09:32:05,718;INFO;--- 50.90486121177673 seconds ---
2024-10-25 09:33:00,739;INFO;index:1image name:1BA005
2024-10-25 09:33:00,740;INFO;--- 53.04109048843384 seconds ---
2024-10-25 09:33:53,174;INFO;index:2image name:1BA012
2024-10-25 09:33:53,174;INFO;--- 50.47357368469238 seconds ---
2024-10-25 09:34:32,303;INFO;index:3image name:1BA014
2024-10-25 09:34:32,303;INFO;--- 37.671226978302 seconds ---
2024-10-25 09:35:27,839;INFO;index:4image name:1BA022
2024-10-25 09:35:27,839;INFO;--- 54.00422215461731 seconds ---
2024-10-25 09:36:10,165;INFO;index:5image name:1BA032
2024-10-25 09:36:10,166;INFO;--- 40.40027952194214 seconds ---
2024-10-25 09:36:52,410;INFO;index:6image name:1BA040
2024-10-25 09:36:52,410;INFO;--- 40.94418430328369 seconds ---
2024-10-25 09:37:51,971;INFO;index:7image name:1BA054
2024-10-25 09:37:51,971;INFO;--- 57.802881956100464 seconds ---
2024-10-25 09:38:43,393;INFO;index:8image name:1BA058
2024-10-25 09:38:43,393;INFO;--- 49.85174107551575 seconds ---
2024-10-25 09:39:17,539;INFO;index:9image name:1BA075
2024-10-25 09:39:17,540;INFO;--- 32.850980043411255 seconds ---
2024-10-25 09:39:56,655;INFO;index:10image name:1BA076
2024-10-25 09:39:56,655;INFO;--- 37.98258137702942 seconds ---
2024-10-25 09:40:55,916;INFO;index:11image name:1BA082
2024-10-25 09:40:55,916;INFO;--- 57.87162208557129 seconds ---
2024-10-25 09:41:41,963;INFO;index:12image name:1BA085
2024-10-25 09:41:41,963;INFO;--- 44.56290578842163 seconds ---
2024-10-25 09:42:37,250;INFO;index:13image name:1BA091
2024-10-25 09:42:37,250;INFO;--- 53.92479872703552 seconds ---
2024-10-25 09:43:28,762;INFO;index:14image name:1BA097
2024-10-25 09:43:28,762;INFO;--- 50.17710328102112 seconds ---
2024-10-25 09:44:13,810;INFO;index:15image name:1BA100
2024-10-25 09:44:13,810;INFO;--- 43.810646057128906 seconds ---
2024-10-25 09:45:09,364;INFO;index:16image name:1BA103
2024-10-25 09:45:09,365;INFO;--- 54.21725058555603 seconds ---
2024-10-25 09:45:54,775;INFO;index:17image name:1BA105
2024-10-25 09:45:54,775;INFO;--- 43.89510989189148 seconds ---
2024-10-25 09:46:50,877;INFO;index:18image name:1BA111
2024-10-25 09:46:50,877;INFO;--- 54.42755889892578 seconds ---
2024-10-25 09:47:38,953;INFO;index:19image name:1BA116
2024-10-25 09:47:38,953;INFO;--- 46.718353271484375 seconds ---
2024-10-25 09:48:25,001;INFO;index:20image name:1BA125
2024-10-25 09:48:25,002;INFO;--- 44.55608510971069 seconds ---
2024-10-25 09:48:59,456;INFO;index:21image name:1BA131
2024-10-25 09:48:59,456;INFO;--- 33.337403535842896 seconds ---
2024-10-25 09:49:35,282;INFO;index:22image name:1BA141
2024-10-25 09:49:35,282;INFO;--- 34.664300203323364 seconds ---
2024-10-25 09:50:35,655;INFO;index:23image name:1BA143
2024-10-25 09:50:35,655;INFO;--- 58.59983563423157 seconds ---
2024-10-25 09:51:32,205;INFO;index:24image name:1BA151
2024-10-25 09:51:32,205;INFO;--- 54.8953013420105 seconds ---
2024-10-25 09:52:33,274;INFO;index:25image name:1BA158
2024-10-25 09:52:33,274;INFO;--- 56.45920729637146 seconds ---
2024-10-25 09:53:19,840;INFO;index:26image name:1BA159
2024-10-25 09:53:19,840;INFO;--- 45.01330518722534 seconds ---
2024-10-25 09:54:10,506;INFO;index:27image name:1BA164
2024-10-25 09:54:10,506;INFO;--- 49.157045125961304 seconds ---
2024-10-25 09:55:00,913;INFO;index:28image name:1BA172
2024-10-25 09:55:00,914;INFO;--- 49.003016233444214 seconds ---
2024-10-25 09:55:42,344;INFO;index:29image name:1BA175
2024-10-25 09:55:42,344;INFO;--- 40.084285736083984 seconds ---
2024-10-25 09:56:21,639;INFO;index:30image name:1BA184
2024-10-25 09:56:21,639;INFO;--- 38.03402614593506 seconds ---
2024-10-25 09:57:03,040;INFO;index:31image name:1BA185
2024-10-25 09:57:03,040;INFO;--- 39.97563314437866 seconds ---
2024-10-25 09:57:54,035;INFO;index:32image name:1BA189
2024-10-25 09:57:54,035;INFO;--- 49.41429543495178 seconds ---
2024-10-25 09:58:42,173;INFO;index:33image name:1BA201
2024-10-25 09:58:42,173;INFO;--- 46.66576051712036 seconds ---
2024-10-25 09:59:15,465;INFO;index:34image name:1BA206
2024-10-25 09:59:15,465;INFO;--- 31.934791088104248 seconds ---
2024-10-25 09:59:51,100;INFO;index:35image name:1BA220
2024-10-25 09:59:51,100;INFO;--- 34.54354453086853 seconds ---
2024-10-25 10:00:29,760;INFO;index:36image name:1BA222
2024-10-25 10:00:29,761;INFO;--- 37.51282024383545 seconds ---
2024-10-25 10:01:17,620;INFO;index:37image name:1BA227
2024-10-25 10:01:17,620;INFO;--- 46.54906868934631 seconds ---
2024-10-25 10:01:48,272;INFO;index:38image name:1BA234
2024-10-25 10:01:48,273;INFO;--- 29.5196270942688 seconds ---
2024-10-25 10:02:17,213;INFO;index:39image name:1BA239
2024-10-25 10:02:17,214;INFO;--- 27.840753078460693 seconds ---
2024-10-25 10:02:53,878;INFO;index:40image name:1BA247
2024-10-25 10:02:53,878;INFO;--- 35.61334013938904 seconds ---
2024-10-25 10:03:27,174;INFO;index:41image name:1BA253
2024-10-25 10:03:27,174;INFO;--- 32.11289191246033 seconds ---
2024-10-25 10:04:03,362;INFO;index:42image name:1BA256
2024-10-25 10:04:03,362;INFO;--- 35.12222385406494 seconds ---
2024-10-25 10:04:45,468;INFO;index:43image name:1BA260
2024-10-25 10:04:45,468;INFO;--- 40.8189537525177 seconds ---
2024-10-25 10:05:24,656;INFO;index:44image name:1BA266
2024-10-25 10:05:24,657;INFO;--- 37.85465693473816 seconds ---
2024-10-25 10:06:10,055;INFO;index:45image name:1BA278
2024-10-25 10:06:10,055;INFO;--- 44.0411102771759 seconds ---
2024-10-25 10:06:51,766;INFO;index:46image name:1BA288
2024-10-25 10:06:51,767;INFO;--- 40.1205108165741 seconds ---
2024-10-25 10:07:31,006;INFO;index:47image name:1BA292
2024-10-25 10:07:31,007;INFO;--- 37.83522605895996 seconds ---
2024-10-25 10:08:10,113;INFO;index:48image name:1BA294
2024-10-25 10:08:10,113;INFO;--- 37.78736472129822 seconds ---
2024-10-25 10:08:58,469;INFO;index:49image name:1BA300
2024-10-25 10:08:58,469;INFO;--- 46.95154309272766 seconds ---
2024-10-25 10:09:40,671;INFO;index:50image name:1BA305
2024-10-25 10:09:40,671;INFO;--- 40.72758674621582 seconds ---
2024-10-25 10:10:16,929;INFO;index:51image name:1BA307
2024-10-25 10:10:16,930;INFO;--- 34.888468742370605 seconds ---
2024-10-25 10:10:54,695;INFO;index:52image name:1BA325
2024-10-25 10:10:54,695;INFO;--- 36.10053467750549 seconds ---
2024-10-25 10:11:37,354;INFO;index:53image name:1BA328
2024-10-25 10:11:37,355;INFO;--- 41.25787305831909 seconds ---
2024-10-25 10:12:08,443;INFO;index:54image name:1BA336
2024-10-25 10:12:08,443;INFO;--- 30.03541588783264 seconds ---
2024-10-25 10:12:51,410;INFO;index:55image name:1BA345
2024-10-25 10:12:51,410;INFO;--- 41.660274028778076 seconds ---
2024-10-25 10:13:33,990;INFO;index:56image name:1BA358
2024-10-25 10:13:33,990;INFO;--- 41.279271364212036 seconds ---
2024-10-25 10:14:10,276;INFO;index:57image name:1BA359
2024-10-25 10:14:10,276;INFO;--- 35.05060791969299 seconds ---
2024-10-25 10:14:43,986;INFO;index:58image name:1BA368
2024-10-25 10:14:43,986;INFO;--- 32.65802216529846 seconds ---
2024-10-25 10:15:24,084;INFO;index:59image name:1BA379
2024-10-25 10:15:24,084;INFO;--- 38.82088351249695 seconds ---
2024-10-25 10:15:54,981;INFO;index:60image name:1BB002
2024-10-25 10:15:54,981;INFO;--- 29.75624918937683 seconds ---
2024-10-25 10:16:37,301;INFO;index:61image name:1BB003
2024-10-25 10:16:37,301;INFO;--- 41.17959928512573 seconds ---
2024-10-25 10:17:19,801;INFO;index:62image name:1BB005
2024-10-25 10:17:19,802;INFO;--- 41.361302614212036 seconds ---
2024-10-25 10:17:56,562;INFO;index:63image name:1BB006
2024-10-25 10:17:56,562;INFO;--- 35.678282022476196 seconds ---
2024-10-25 10:18:39,627;INFO;index:64image name:1BB007
2024-10-25 10:18:39,627;INFO;--- 41.723912715911865 seconds ---
2024-10-25 10:19:13,501;INFO;index:65image name:1BB008
2024-10-25 10:19:13,502;INFO;--- 32.79885268211365 seconds ---
2024-10-25 10:19:53,394;INFO;index:66image name:1BB011
2024-10-25 10:19:53,395;INFO;--- 38.769789934158325 seconds ---
2024-10-25 10:20:19,952;INFO;index:67image name:1BB016
2024-10-25 10:20:19,952;INFO;--- 25.73711395263672 seconds ---
2024-10-25 10:20:57,265;INFO;index:68image name:1BB017
2024-10-25 10:20:57,265;INFO;--- 36.15191197395325 seconds ---
2024-10-25 10:21:37,088;INFO;index:69image name:1BB026
2024-10-25 10:21:37,088;INFO;--- 38.60981273651123 seconds ---
2024-10-25 10:22:15,874;INFO;index:70image name:1BB028
2024-10-25 10:22:15,875;INFO;--- 37.61017823219299 seconds ---
2024-10-25 10:22:48,886;INFO;index:71image name:1BB030
2024-10-25 10:22:48,887;INFO;--- 31.91746211051941 seconds ---
2024-10-25 10:23:33,797;INFO;index:72image name:1BB031
2024-10-25 10:23:33,797;INFO;--- 43.58464527130127 seconds ---
2024-10-25 10:24:12,507;INFO;index:73image name:1BB033
2024-10-25 10:24:12,507;INFO;--- 37.61201524734497 seconds ---
2024-10-25 10:24:54,744;INFO;index:74image name:1BB034
2024-10-25 10:24:54,744;INFO;--- 41.120346546173096 seconds ---
2024-10-25 10:25:31,542;INFO;index:75image name:1BB039
2024-10-25 10:25:31,542;INFO;--- 35.67332649230957 seconds ---
2024-10-25 10:26:16,155;INFO;index:76image name:1BB041
2024-10-25 10:26:16,156;INFO;--- 43.46878385543823 seconds ---
2024-10-25 10:26:49,645;INFO;index:77image name:1BB043
2024-10-25 10:26:49,645;INFO;--- 32.445234298706055 seconds ---
2024-10-25 10:27:32,992;INFO;index:78image name:1BB044
2024-10-25 10:27:32,993;INFO;--- 41.4073224067688 seconds ---
2024-10-25 10:28:03,562;INFO;index:79image name:1BB048
2024-10-25 10:28:03,562;INFO;--- 29.537149906158447 seconds ---
2024-10-25 10:28:45,609;INFO;index:80image name:1BB049
2024-10-25 10:28:45,609;INFO;--- 40.76103758811951 seconds ---
2024-10-25 10:29:14,505;INFO;index:81image name:1BB050
2024-10-25 10:29:14,505;INFO;--- 27.61689019203186 seconds ---
2024-10-25 10:29:57,257;INFO;index:82image name:1BB051
2024-10-25 10:29:57,257;INFO;--- 41.663180112838745 seconds ---
2024-10-25 10:30:37,667;INFO;index:83image name:1BB052
2024-10-25 10:30:37,667;INFO;--- 38.243393659591675 seconds ---
2024-10-25 10:31:09,370;INFO;index:84image name:1BB059
2024-10-25 10:31:09,370;INFO;--- 30.69454598426819 seconds ---
2024-10-25 10:31:58,163;INFO;index:85image name:1BB062
2024-10-25 10:31:58,163;INFO;--- 47.70300912857056 seconds ---
2024-10-25 10:32:31,929;INFO;index:86image name:1BB066
2024-10-25 10:32:31,929;INFO;--- 32.53264570236206 seconds ---
2024-10-25 10:33:14,375;INFO;index:87image name:1BB071
2024-10-25 10:33:14,376;INFO;--- 41.131887674331665 seconds ---
2024-10-25 10:33:52,903;INFO;index:88image name:1BB072
2024-10-25 10:33:52,903;INFO;--- 37.43379807472229 seconds ---
2024-10-25 10:34:21,752;INFO;index:89image name:1BB073
2024-10-25 10:34:21,752;INFO;--- 27.974615573883057 seconds ---
2024-10-25 10:35:06,789;INFO;index:90image name:1BB075
2024-10-25 10:35:06,789;INFO;--- 43.967952251434326 seconds ---
2024-10-25 10:35:46,338;INFO;index:91image name:1BB076
2024-10-25 10:35:46,338;INFO;--- 38.37907886505127 seconds ---
2024-10-25 10:36:18,077;INFO;index:92image name:1BB079
2024-10-25 10:36:18,077;INFO;--- 30.72737765312195 seconds ---
2024-10-25 10:37:00,497;INFO;index:93image name:1BB082
2024-10-25 10:37:00,498;INFO;--- 41.40345001220703 seconds ---
2024-10-25 10:37:39,774;INFO;index:94image name:1BB083
2024-10-25 10:37:39,774;INFO;--- 38.11235547065735 seconds ---
2024-10-25 10:38:16,523;INFO;index:95image name:1BB085
2024-10-25 10:38:16,523;INFO;--- 35.64004731178284 seconds ---
2024-10-25 10:38:53,418;INFO;index:96image name:1BB090
2024-10-25 10:38:53,419;INFO;--- 35.62074422836304 seconds ---
2024-10-25 10:39:26,351;INFO;index:97image name:1BB091
2024-10-25 10:39:26,351;INFO;--- 31.83773970603943 seconds ---
2024-10-25 10:40:06,142;INFO;index:98image name:1BB095
2024-10-25 10:40:06,142;INFO;--- 38.658043384552 seconds ---
2024-10-25 10:40:48,974;INFO;index:99image name:1BB096
2024-10-25 10:40:48,974;INFO;--- 41.66097378730774 seconds ---
2024-10-25 10:41:17,837;INFO;index:100image name:1BB098
2024-10-25 10:41:17,837;INFO;--- 27.829642295837402 seconds ---
2024-10-25 10:41:54,516;INFO;index:101image name:1BB099
2024-10-25 10:41:54,516;INFO;--- 35.542150259017944 seconds ---
2024-10-25 10:42:29,660;INFO;index:102image name:1BB100
2024-10-25 10:42:29,660;INFO;--- 34.22058844566345 seconds ---
2024-10-25 10:43:08,419;INFO;index:103image name:1BB102
2024-10-25 10:43:08,420;INFO;--- 37.552098989486694 seconds ---
2024-10-25 10:43:42,337;INFO;index:104image name:1BB109
2024-10-25 10:43:42,337;INFO;--- 32.93002986907959 seconds ---
2024-10-25 10:44:16,373;INFO;index:105image name:1BB111
2024-10-25 10:44:16,374;INFO;--- 32.95046281814575 seconds ---
2024-10-25 10:44:55,730;INFO;index:106image name:1BB145
2024-10-25 10:44:55,730;INFO;--- 38.300243854522705 seconds ---
2024-10-25 10:45:26,531;INFO;index:107image name:1BB151
2024-10-25 10:45:26,531;INFO;--- 29.62088179588318 seconds ---
2024-10-25 10:46:21,841;INFO;index:108image name:1BB152
2024-10-25 10:46:21,842;INFO;--- 53.92647051811218 seconds ---
2024-10-25 10:47:13,349;INFO;index:109image name:1BB171
2024-10-25 10:47:13,349;INFO;--- 47.787704944610596 seconds ---
2024-10-25 10:47:48,363;INFO;index:110image name:1BB173
2024-10-25 10:47:48,364;INFO;--- 33.85849690437317 seconds ---
2024-10-25 10:48:27,708;INFO;index:111image name:1BB175
2024-10-25 10:48:27,709;INFO;--- 38.28037881851196 seconds ---
2024-10-25 10:49:04,291;INFO;index:112image name:1BB177
2024-10-25 10:49:04,292;INFO;--- 35.413782835006714 seconds ---
2024-10-25 10:49:49,263;INFO;index:113image name:1BB179
2024-10-25 10:49:49,263;INFO;--- 43.74474763870239 seconds ---
2024-10-25 10:50:28,054;INFO;index:114image name:1BB182
2024-10-25 10:50:28,054;INFO;--- 37.50381922721863 seconds ---
2024-10-25 10:51:00,628;INFO;index:115image name:1BB184
2024-10-25 10:51:00,628;INFO;--- 31.560195684432983 seconds ---
2024-10-25 10:51:40,395;INFO;index:116image name:1BB189
2024-10-25 10:51:40,395;INFO;--- 38.68395376205444 seconds ---
2024-10-25 10:52:17,141;INFO;index:117image name:1BB198
2024-10-25 10:52:17,141;INFO;--- 35.30092263221741 seconds ---
2024-10-25 10:52:56,329;INFO;index:118image name:1BB200
2024-10-25 10:52:56,329;INFO;--- 38.06982445716858 seconds ---
2024-10-25 10:53:45,472;INFO;index:119image name:1BB205
2024-10-25 10:53:45,472;INFO;--- 47.91122817993164 seconds ---
2024-10-25 10:54:32,575;INFO;index:120image name:1BC001
2024-10-25 10:54:32,575;INFO;--- 45.992177963256836 seconds ---
2024-10-25 10:55:18,121;INFO;index:121image name:1BC004
2024-10-25 10:55:18,122;INFO;--- 44.330278396606445 seconds ---
2024-10-25 10:56:01,771;INFO;index:122image name:1BC006
2024-10-25 10:56:01,771;INFO;--- 42.38025450706482 seconds ---
2024-10-25 10:56:51,756;INFO;index:123image name:1BC007
2024-10-25 10:56:51,756;INFO;--- 48.75312876701355 seconds ---
2024-10-25 10:57:31,209;INFO;index:124image name:1BC008
2024-10-25 10:57:31,209;INFO;--- 38.29203009605408 seconds ---
2024-10-25 10:58:07,937;INFO;index:125image name:1BC009
2024-10-25 10:58:07,938;INFO;--- 35.603758573532104 seconds ---
2024-10-25 10:58:55,538;INFO;index:126image name:1BC010
2024-10-25 10:58:55,538;INFO;--- 46.344223976135254 seconds ---
2024-10-25 10:59:45,695;INFO;index:127image name:1BC014
2024-10-25 10:59:45,695;INFO;--- 48.852197885513306 seconds ---
2024-10-25 11:00:28,936;INFO;index:128image name:1BC017
2024-10-25 11:00:28,936;INFO;--- 41.94009590148926 seconds ---
2024-10-25 11:01:12,566;INFO;index:129image name:1BC019
2024-10-25 11:01:12,566;INFO;--- 42.574381828308105 seconds ---
2024-10-25 11:02:08,075;INFO;index:130image name:1BC020
2024-10-25 11:02:08,076;INFO;--- 54.19667387008667 seconds ---
2024-10-25 11:02:47,620;INFO;index:131image name:1BC021
2024-10-25 11:02:47,620;INFO;--- 38.26765489578247 seconds ---
2024-10-25 11:04:00,499;INFO;index:132image name:1BC022
2024-10-25 11:04:00,500;INFO;--- 71.447012424469 seconds ---
2024-10-25 11:04:38,162;INFO;index:133image name:1BC023
2024-10-25 11:04:38,162;INFO;--- 36.19401979446411 seconds ---
2024-10-25 11:05:27,549;INFO;index:134image name:1BC025
2024-10-25 11:05:27,549;INFO;--- 48.15759634971619 seconds ---
2024-10-25 11:06:23,790;INFO;index:135image name:1BC027
2024-10-25 11:06:23,790;INFO;--- 54.11660599708557 seconds ---
2024-10-25 11:07:14,398;INFO;index:136image name:1BC028
2024-10-25 11:07:14,399;INFO;--- 49.14047932624817 seconds ---
2024-10-25 11:07:58,510;INFO;index:137image name:1BC031
2024-10-25 11:07:58,510;INFO;--- 42.764307260513306 seconds ---
2024-10-25 11:08:43,144;INFO;index:138image name:1BC034
2024-10-25 11:08:43,144;INFO;--- 41.885114431381226 seconds ---
2024-10-25 11:09:38,130;INFO;index:139image name:1BC035
2024-10-25 11:09:38,131;INFO;--- 53.58542728424072 seconds ---
2024-10-25 11:10:20,240;INFO;index:140image name:1BC036
2024-10-25 11:10:20,240;INFO;--- 40.80752873420715 seconds ---
2024-10-25 11:11:01,531;INFO;index:141image name:1BC037
2024-10-25 11:11:01,531;INFO;--- 40.128711462020874 seconds ---
2024-10-25 11:11:50,926;INFO;index:142image name:1BC038
2024-10-25 11:11:50,927;INFO;--- 47.89981484413147 seconds ---
2024-10-25 11:12:34,069;INFO;index:143image name:1BC039
2024-10-25 11:12:34,070;INFO;--- 41.873252868652344 seconds ---
2024-10-25 11:13:33,289;INFO;index:144image name:1BC041
2024-10-25 11:13:33,290;INFO;--- 57.85380458831787 seconds ---
2024-10-25 11:14:39,160;INFO;index:145image name:1BC046
2024-10-25 11:14:39,161;INFO;--- 64.24856233596802 seconds ---
2024-10-25 11:15:28,338;INFO;index:146image name:1BC047
2024-10-25 11:15:28,338;INFO;--- 47.70666003227234 seconds ---
2024-10-25 11:16:12,117;INFO;index:147image name:1BC048
2024-10-25 11:16:12,118;INFO;--- 42.415435791015625 seconds ---
2024-10-25 11:16:59,856;INFO;index:148image name:1BC049
2024-10-25 11:16:59,856;INFO;--- 46.35494828224182 seconds ---
2024-10-25 11:17:39,598;INFO;index:149image name:1BC050
2024-10-25 11:17:39,598;INFO;--- 38.53511047363281 seconds ---
2024-10-25 11:18:46,307;INFO;index:150image name:1BC051
2024-10-25 11:18:46,308;INFO;--- 65.12903118133545 seconds ---
2024-10-25 11:19:29,811;INFO;index:151image name:1BC052
2024-10-25 11:19:29,812;INFO;--- 42.04714894294739 seconds ---
2024-10-25 11:20:08,975;INFO;index:152image name:1BC053
2024-10-25 11:20:08,976;INFO;--- 38.04063034057617 seconds ---
2024-10-25 11:21:13,593;INFO;index:153image name:1BC054
2024-10-25 11:21:13,594;INFO;--- 63.175297498703 seconds ---
2024-10-25 11:22:06,042;INFO;index:154image name:1BC056
2024-10-25 11:22:06,043;INFO;--- 50.93298149108887 seconds ---
2024-10-25 11:22:47,626;INFO;index:155image name:1BC058
2024-10-25 11:22:47,626;INFO;--- 40.218212842941284 seconds ---
2024-10-25 11:23:28,458;INFO;index:156image name:1BC062
2024-10-25 11:23:28,459;INFO;--- 39.626912117004395 seconds ---
2024-10-25 11:24:51,086;INFO;index:157image name:1BC063
2024-10-25 11:24:51,086;INFO;--- 81.02978873252869 seconds ---
2024-10-25 11:25:35,197;INFO;index:158image name:1BC064
2024-10-25 11:25:35,197;INFO;--- 42.52259278297424 seconds ---
2024-10-25 11:26:20,650;INFO;index:159image name:1BC065
2024-10-25 11:26:20,650;INFO;--- 44.16722869873047 seconds ---
2024-10-25 11:27:09,684;INFO;index:160image name:1BC066
2024-10-25 11:27:09,684;INFO;--- 47.459264039993286 seconds ---
2024-10-25 11:27:50,344;INFO;index:161image name:1BC067
2024-10-25 11:27:50,344;INFO;--- 39.40355372428894 seconds ---
2024-10-25 11:28:30,949;INFO;index:162image name:1BC068
2024-10-25 11:28:30,950;INFO;--- 39.400020360946655 seconds ---
2024-10-25 11:29:19,922;INFO;index:163image name:1BC070
2024-10-25 11:29:19,922;INFO;--- 47.64145517349243 seconds ---
2024-10-25 11:30:33,424;INFO;index:164image name:1BC073
2024-10-25 11:30:33,425;INFO;--- 71.84156441688538 seconds ---
2024-10-25 11:31:20,254;INFO;index:165image name:1BC074
2024-10-25 11:31:20,255;INFO;--- 45.39562940597534 seconds ---
2024-10-25 11:32:06,309;INFO;index:166image name:1BC075
2024-10-25 11:32:06,310;INFO;--- 44.838011264801025 seconds ---
2024-10-25 11:32:49,844;INFO;index:167image name:1BC076
2024-10-25 11:32:49,845;INFO;--- 42.37060832977295 seconds ---
2024-10-25 11:33:35,931;INFO;index:168image name:1BC077
2024-10-25 11:33:35,931;INFO;--- 44.77947235107422 seconds ---
2024-10-25 11:34:20,961;INFO;index:169image name:1BC080
2024-10-25 11:34:20,962;INFO;--- 43.600059270858765 seconds ---
2024-10-25 11:35:39,475;INFO;index:170image name:1BC081
2024-10-25 11:35:39,475;INFO;--- 76.78156805038452 seconds ---
2024-10-25 11:36:23,402;INFO;index:171image name:1BC082
2024-10-25 11:36:23,402;INFO;--- 42.43775510787964 seconds ---
2024-10-25 11:37:05,991;INFO;index:172image name:1BC083
2024-10-25 11:37:05,992;INFO;--- 41.36189079284668 seconds ---
2024-10-25 11:37:56,210;INFO;index:173image name:1BC084
2024-10-25 11:37:56,210;INFO;--- 48.82143235206604 seconds ---
2024-10-25 11:38:43,344;INFO;index:174image name:1BC085
2024-10-25 11:38:43,344;INFO;--- 45.8680784702301 seconds ---
2024-10-25 11:39:45,380;INFO;index:175image name:1BC086
2024-10-25 11:39:45,381;INFO;--- 60.563910245895386 seconds ---
2024-10-25 11:40:50,233;INFO;index:176image name:1BC087
2024-10-25 11:40:50,233;INFO;--- 63.233357191085815 seconds ---
2024-10-25 11:41:41,182;INFO;index:177image name:1BC088
2024-10-25 11:41:41,182;INFO;--- 49.38511371612549 seconds ---
2024-10-25 11:42:30,286;INFO;index:178image name:1BC090
2024-10-25 11:42:30,287;INFO;--- 47.68502640724182 seconds ---
2024-10-25 11:43:35,583;INFO;index:179image name:1BC094
2024-10-25 11:43:35,583;INFO;--- 63.548006772994995 seconds ---
2024-10-25 11:43:36,113;INFO;TOTAL TIME:
2024-10-25 11:43:36,113;INFO;--- 7942.391288280487 seconds ---
2024-10-25 11:43:36,113;INFO;DONE!
ENTERED THE FILE!
LOADED THE LIBRARYIES
DEVICE: cuda
MODEL LOADED SUCCESSFULLY
1BA001
--- 50.90356373786926 seconds ---
1BA005
--- 53.04024934768677 seconds ---
1BA012
--- 50.472867012023926 seconds ---
1BA014
--- 37.670788288116455 seconds ---
1BA022
--- 54.00379800796509 seconds ---
1BA032
--- 40.3998384475708 seconds ---
1BA040
--- 40.943758487701416 seconds ---
1BA054
--- 57.8024525642395 seconds ---
1BA058
--- 49.851319313049316 seconds ---
1BA075
--- 32.85075902938843 seconds ---
1BA076
--- 37.982138872146606 seconds ---
1BA082
--- 57.871201276779175 seconds ---
1BA085
--- 44.56249237060547 seconds ---
1BA091
--- 53.92438316345215 seconds ---
1BA097
--- 50.17668128013611 seconds ---
1BA100
--- 43.81021976470947 seconds ---
1BA103
--- 54.21682906150818 seconds ---
1BA105
--- 43.89472532272339 seconds ---
1BA111
--- 54.42713403701782 seconds ---
1BA116
--- 46.717907190322876 seconds ---
1BA125
--- 44.555633783340454 seconds ---
1BA131
--- 33.336976289749146 seconds ---
1BA141
--- 34.66392254829407 seconds ---
1BA143
--- 58.59941220283508 seconds ---
1BA151
--- 54.89485549926758 seconds ---
1BA158
--- 56.45878195762634 seconds ---
1BA159
--- 45.012948989868164 seconds ---
1BA164
--- 49.15661549568176 seconds ---
1BA172
--- 49.00258827209473 seconds ---
1BA175
--- 40.083821535110474 seconds ---
1BA184
--- 38.03359341621399 seconds ---
1BA185
--- 39.97523641586304 seconds ---
1BA189
--- 49.413877725601196 seconds ---
1BA201
--- 46.665311336517334 seconds ---
1BA206
--- 31.93442130088806 seconds ---
1BA220
--- 34.54325985908508 seconds ---
1BA222
--- 37.51240873336792 seconds ---
1BA227
--- 46.5486376285553 seconds ---
1BA234
--- 29.519256114959717 seconds ---
1BA239
--- 27.840381622314453 seconds ---
1BA247
--- 35.61312961578369 seconds ---
1BA253
--- 32.11248016357422 seconds ---
1BA256
--- 35.12183427810669 seconds ---
1BA260
--- 40.818681716918945 seconds ---
1BA266
--- 37.85430383682251 seconds ---
1BA278
--- 44.04066801071167 seconds ---
1BA288
--- 40.12009835243225 seconds ---
1BA292
--- 37.834861516952515 seconds ---
1BA294
--- 37.78713345527649 seconds ---
1BA300
--- 46.951093673706055 seconds ---
1BA305
--- 40.72715139389038 seconds ---
1BA307
--- 34.88800764083862 seconds ---
1BA325
--- 36.100269079208374 seconds ---
1BA328
--- 41.25750374794006 seconds ---
1BA336
--- 30.034989833831787 seconds ---
1BA345
--- 41.659847021102905 seconds ---
1BA358
--- 41.27885413169861 seconds ---
1BA359
--- 35.05038785934448 seconds ---
1BA368
--- 32.65759348869324 seconds ---
1BA379
--- 38.820483684539795 seconds ---
1BB002
--- 29.756059408187866 seconds ---
1BB003
--- 41.179136991500854 seconds ---
1BB005
--- 41.36087608337402 seconds ---
1BB006
--- 35.677875995635986 seconds ---
1BB007
--- 41.7236123085022 seconds ---
1BB008
--- 32.79848623275757 seconds ---
1BB011
--- 38.76934289932251 seconds ---
1BB016
--- 25.736812591552734 seconds ---
1BB017
--- 36.15152978897095 seconds ---
1BB026
--- 38.60939431190491 seconds ---
1BB028
--- 37.60979342460632 seconds ---
1BB030
--- 31.91724991798401 seconds ---
1BB031
--- 43.58422565460205 seconds ---
1BB033
--- 37.61157464981079 seconds ---
1BB034
--- 41.11990833282471 seconds ---
1BB039
--- 35.673096895217896 seconds ---
1BB041
--- 43.46841478347778 seconds ---
1BB043
--- 32.44483494758606 seconds ---
1BB044
--- 41.40689659118652 seconds ---
1BB048
--- 29.53697967529297 seconds ---
1BB049
--- 40.76053762435913 seconds ---
1BB050
--- 27.61651372909546 seconds ---
1BB051
--- 41.66291642189026 seconds ---
1BB052
--- 38.243064641952515 seconds ---
1BB059
--- 30.6941134929657 seconds ---
1BB062
--- 47.7025933265686 seconds ---
1BB066
--- 32.532400608062744 seconds ---
1BB071
--- 41.13151693344116 seconds ---
1BB072
--- 37.43335556983948 seconds ---
1BB073
--- 27.97420597076416 seconds ---
1BB075
--- 43.967477560043335 seconds ---
1BB076
--- 38.3788161277771 seconds ---
1BB079
--- 30.726508140563965 seconds ---
1BB082
--- 41.40298414230347 seconds ---
1BB083
--- 38.11198449134827 seconds ---
1BB085
--- 35.639771461486816 seconds ---
1BB090
--- 35.620304107666016 seconds ---
1BB091
--- 31.837362051010132 seconds ---
1BB095
--- 38.657766580581665 seconds ---
1BB096
--- 41.66057777404785 seconds ---
1BB098
--- 27.829201221466064 seconds ---
1BB099
--- 35.5419020652771 seconds ---
1BB100
--- 34.220258474349976 seconds ---
1BB102
--- 37.55166816711426 seconds ---
1BB109
--- 32.92961859703064 seconds ---
1BB111
--- 32.95024299621582 seconds ---
1BB145
--- 38.29980707168579 seconds ---
1BB151
--- 29.620495557785034 seconds ---
1BB152
--- 53.92608189582825 seconds ---
1BB171
--- 47.78730583190918 seconds ---
1BB173
--- 33.858291149139404 seconds ---
1BB175
--- 38.279964447021484 seconds ---
1BB177
--- 35.41334891319275 seconds ---
1BB179
--- 43.74434971809387 seconds ---
1BB182
--- 37.50349235534668 seconds ---
1BB184
--- 31.559815406799316 seconds ---
1BB189
--- 38.683523654937744 seconds ---
1BB198
--- 35.300713539123535 seconds ---
1BB200
--- 38.06942939758301 seconds ---
1BB205
--- 47.91079545021057 seconds ---
1BC001
--- 45.99165678024292 seconds ---
1BC004
--- 44.329856872558594 seconds ---
1BC006
--- 42.37982654571533 seconds ---
1BC007
--- 48.75269961357117 seconds ---
1BC008
--- 38.29161882400513 seconds ---
1BC009
--- 35.60354399681091 seconds ---
1BC010
--- 46.343796730041504 seconds ---
1BC014
--- 48.85180950164795 seconds ---
1BC017
--- 41.9396755695343 seconds ---
1BC019
--- 42.57393980026245 seconds ---
1BC020
--- 54.196250438690186 seconds ---
1BC021
--- 38.267226696014404 seconds ---
1BC022
--- 71.44618940353394 seconds ---
1BC023
--- 36.19360637664795 seconds ---
1BC025
--- 48.15718102455139 seconds ---
1BC027
--- 54.11616492271423 seconds ---
1BC028
--- 49.14005756378174 seconds ---
1BC031
--- 42.76391243934631 seconds ---
1BC034
--- 41.88468027114868 seconds ---
1BC035
--- 53.58500528335571 seconds ---
1BC036
--- 40.807087898254395 seconds ---
1BC037
--- 40.128278493881226 seconds ---
1BC038
--- 47.89939093589783 seconds ---
1BC039
--- 41.87285852432251 seconds ---
1BC041
--- 57.853392124176025 seconds ---
1BC046
--- 64.2478187084198 seconds ---
1BC047
--- 47.706395387649536 seconds ---
1BC048
--- 42.41500949859619 seconds ---
1BC049
--- 46.35440921783447 seconds ---
1BC050
--- 38.53476619720459 seconds ---
1BC051
--- 65.12795042991638 seconds ---
1BC052
--- 42.04688000679016 seconds ---
1BC053
--- 38.040302991867065 seconds ---
1BC054
--- 63.174859046936035 seconds ---
1BC056
--- 50.932474851608276 seconds ---
1BC058
--- 40.21774959564209 seconds ---
1BC062
--- 39.62650966644287 seconds ---
1BC063
--- 81.02913880348206 seconds ---
1BC064
--- 42.52232003211975 seconds ---
1BC065
--- 44.166839838027954 seconds ---
1BC066
--- 47.45883107185364 seconds ---
1BC067
--- 39.40313005447388 seconds ---
1BC068
--- 39.39978790283203 seconds ---
1BC070
--- 47.640934228897095 seconds ---
1BC073
--- 71.84054327011108 seconds ---
1BC074
--- 45.3952112197876 seconds ---
1BC075
--- 44.837584257125854 seconds ---
1BC076
--- 42.3701868057251 seconds ---
1BC077
--- 44.7790265083313 seconds ---
1BC080
--- 43.59964346885681 seconds ---
1BC081
--- 76.78110432624817 seconds ---
1BC082
--- 42.43738579750061 seconds ---
1BC083
--- 41.36146593093872 seconds ---
1BC084
--- 48.82102298736572 seconds ---
1BC085
--- 45.86768174171448 seconds ---
1BC086
--- 60.563491106033325 seconds ---
1BC087
--- 63.23292803764343 seconds ---
1BC088
--- 49.38468265533447 seconds ---
1BC090
--- 47.68459963798523 seconds ---
1BC094
--- 63.547577142715454 seconds ---
TOTAL TIME:
--- 7942.3911209106445 seconds ---
DONE :)
