Using ./mri_to_ct/experiments/cyclegan.yaml experiment
2024-11-15 12:10:59.406 | WARNING  | ganslate.utils.environment:setup_threading:90 - 
    Max threads for SimpleITK and Opencv set to 1
    For numpy etc. set OMP_NUM_THREADS=1 as an env var while running the training script,
    e.g., OMP_NUM_THREADS=1 python tools/train.py ...
    
2024-11-15 12:10:59.449 | INFO     | ganslate.configs.utils:init_config:29 - Project directory ./mri_to_ct/ added to the path as `project` to allow imports of modules from it.
/mnt/homeGPU/tenayat/conda4ganslate/lib/python3.9/site-packages/memcnn/models/revop.py:24: FutureWarning: `torch.cuda.amp.custom_fwd(args...)` is deprecated. Please use `torch.amp.custom_fwd(args..., device_type='cuda')` instead.
  @custom_fwd(cast_inputs=torch.float32)
/mnt/homeGPU/tenayat/conda4ganslate/lib/python3.9/site-packages/memcnn/models/revop.py:74: FutureWarning: `torch.cuda.amp.custom_bwd(args...)` is deprecated. Please use `torch.amp.custom_bwd(args..., device_type='cuda')` instead.
  def backward(ctx, *grad_outputs):  # pragma: no cover
[[32m2024-11-15 12:10:59[0m][[36mganslate.utils.environment[0m][[1mINFO[0m] - [1mConfiguration:
project: ./mri_to_ct/
mode: train
train:
  output_dir: /mnt/homeGPU/tenayat/mri_to_ct/cyclegan_unpaired
  batch_size: 2
  cuda: true
  mixed_precision: false
  opt_level: O1
  logging:
    freq: 10
    multi_modality_split: null
    tensorboard: false
    wandb: null
    image_window: null
  dataset:
    _target_: project.datasets.train_dataset.SynthRAD2023TrainDataset
    root: /mnt/homeGPU/tenayat/data/TRAIN
    num_workers: 0
    pin_memory: true
    patch_size:
    - 32
    - 160
    - 160
    focal_region_proportion: 0.0
    augmentation: false
    unpaired: true
  checkpointing:
    load_iter: null
    freq: 100
    start_after: 0
    load_optimizers: true
  n_iters: 200
  n_iters_decay: 50
  gan:
    _target_: ganslate.nn.gans.unpaired.CycleGAN
    norm_type: instance
    weight_init_type: normal
    weight_init_gain: 0.02
    optimizer:
      adversarial_loss_type: lsgan
      beta1: 0.5
      beta2: 0.999
      lr_D: 0.0002
      lr_G: 0.0004
      lambda_AB: 5.0
      lambda_BA: 5.0
      lambda_identity: 0.0
      proportion_ssim: 0.0
    generator:
      _target_: ganslate.nn.generators.Vnet3D
      in_out_channels:
        AB:
        - 1
        - 1
        BA: ${train.gan.generator.in_out_channels.AB}
      use_memory_saving: false
      use_inverse: false
      first_layer_channels: 16
      down_blocks:
      - 2
      - 2
      - 3
      up_blocks:
      - 3
      - 3
      - 3
      is_separable: false
    discriminator:
      _target_: ganslate.nn.discriminators.PatchGAN3D
      in_channels:
        B: 1
        A: ${train.gan.discriminator.in_channels.B}
      ndf: 64
      n_layers: 2
      kernel_size:
      - 4
      - 4
      - 4
    pool_size: 50
  seed: null
  metrics:
    discriminator_evolution: true
    ssim: false
val:
  output_dir: ${train.output_dir}
  batch_size: ${train.batch_size}
  cuda: ${train.cuda}
  mixed_precision: ${train.mixed_precision}
  opt_level: ${train.opt_level}
  logging: ${train.logging}
  dataset:
    _target_: project.datasets.val_test_dataset.SynthRAD2023ValTestDataset
    root: /mnt/homeGPU/tenayat/data/VAL
    num_workers: 0
    pin_memory: true
  sliding_window:
    window_size: ${train.dataset.patch_size}
    batch_size: 1
    overlap: 0.25
    mode: gaussian
  multi_dataset: null
  freq: 1000
  start_after: 0
  metrics:
    ssim: true
    psnr: true
    nmse: true
    mse: true
    mae: true
    nmi: false
    histogram_chi2: false
    cycle_metrics: false
    save_to_csv: true
test:
  output_dir: ${train.output_dir}
  batch_size: ${train.batch_size}
  cuda: ${train.cuda}
  mixed_precision: ${train.mixed_precision}
  opt_level: ${train.opt_level}
  logging: ${train.logging}
  dataset:
    _target_: project.datasets.val_test_dataset.SynthRAD2023ValTestDataset
    root: /mnt/homeGPU/tenayat/data/TEST
    num_workers: 0
    pin_memory: true
  sliding_window:
    window_size: ${train.dataset.patch_size}
    batch_size: 1
    overlap: 0.25
    mode: gaussian
  multi_dataset: null
  checkpointing:
    load_iter: 13000
  metrics:
    ssim: true
    psnr: true
    nmse: true
    mse: true
    mae: true
    nmi: false
    histogram_chi2: false
    compute_over_input: false
    save_to_csv: true
infer:
  output_dir: ${train.output_dir}
  batch_size: ${train.batch_size}
  cuda: ${train.cuda}
  mixed_precision: ${train.mixed_precision}
  opt_level: ${train.opt_level}
  logging: ${train.logging}
  dataset:
    _target_: project.datasets.infer_dataset.SynthRAD2023InferDataset
    root: /mnt/homeGPU/tenayat/data/TEST
    num_workers: 0
    pin_memory: true
  is_deployment: false
  sliding_window:
    window_size: ${train.dataset.patch_size}
    batch_size: 1
    overlap: 0.25
    mode: gaussian
  checkpointing:
    load_iter: 13000
[0m
[[32m2024-11-15 12:10:59[0m][[36mganslate.utils.environment[0m][[1mINFO[0m] - [1mSaving checkpoints, logs and config to: /mnt/homeGPU/tenayat/mri_to_ct/cyclegan_unpaired[0m
[[32m2024-11-15 12:10:59[0m][[36mganslate.utils.environment[0m][[1mINFO[0m] - [1mPython version: 3.9.20 (main, Oct  3 2024, 07:27:41) 
[GCC 11.2.0][0m
[[32m2024-11-15 12:10:59[0m][[36mganslate.utils.environment[0m][[1mINFO[0m] - [1mPyTorch version: 2.5.1+cu124[0m
[[32m2024-11-15 12:10:59[0m][[36mganslate.utils.environment[0m][[1mINFO[0m] - [1mCUDA 12.4 - cuDNN 90100[0m
[[32m2024-11-15 12:10:59[0m][[36mganslate.utils.environment[0m][[1mINFO[0m] - [1mGlobal rank: 0[0m
[[32m2024-11-15 12:10:59[0m][[36mganslate.utils.environment[0m][[1mINFO[0m] - [1mLocal rank: 0[0m
[[32m2024-11-15 12:11:00[0m][[36mganslate.nn.generators.vnet.vnet3d[0m][[1mINFO[0m] - [1mInvertible layers are disabled.[0m
[[32m2024-11-15 12:11:00[0m][[36mganslate.nn.generators.vnet.vnet3d[0m][[1mINFO[0m] - [1mInvertible layers are disabled.[0m
[[32m2024-11-15 12:11:01[0m][[36mganslate.engines.trainer[0m][[1mINFO[0m] - [1mTraining started.[0m
[[32m2024-11-15 12:12:14[0m][[36mganslate.utils.trackers.training[0m][[1mINFO[0m] - [1m
-------------------- (iter: 10 | comp: 1.295, data: 1.456 | lr_G: 0.0004000, lr_D: 0.0002000) --------------------
G_AB: 1.491 D_B: 1.151 cycle_A: 2.135 G_BA: 1.509 D_A: 1.380 cycle_B: 3.076 [0m
[[32m2024-11-15 12:12:54[0m][[36mganslate.utils.trackers.training[0m][[1mINFO[0m] - [1m
-------------------- (iter: 20 | comp: 1.302, data: 1.228 | lr_G: 0.0004000, lr_D: 0.0002000) --------------------
G_AB: 1.110 D_B: 1.194 cycle_A: 1.890 G_BA: 1.205 D_A: 0.750 cycle_B: 3.068 [0m
[[32m2024-11-15 12:13:30[0m][[36mganslate.utils.trackers.training[0m][[1mINFO[0m] - [1m
-------------------- (iter: 30 | comp: 1.308, data: 0.571 | lr_G: 0.0004000, lr_D: 0.0002000) --------------------
G_AB: 4.317 D_B: 2.336 cycle_A: 1.617 G_BA: 0.709 D_A: 0.996 cycle_B: 2.577 [0m
[[32m2024-11-15 12:14:06[0m][[36mganslate.utils.trackers.training[0m][[1mINFO[0m] - [1m
-------------------- (iter: 40 | comp: 1.311, data: 0.625 | lr_G: 0.0004000, lr_D: 0.0002000) --------------------
G_AB: 0.945 D_B: 0.483 cycle_A: 1.900 G_BA: 0.705 D_A: 0.588 cycle_B: 2.768 [0m
[[32m2024-11-15 12:14:42[0m][[36mganslate.utils.trackers.training[0m][[1mINFO[0m] - [1m
-------------------- (iter: 50 | comp: 1.312, data: 0.929 | lr_G: 0.0004000, lr_D: 0.0002000) --------------------
G_AB: 0.351 D_B: 0.576 cycle_A: 2.013 G_BA: 0.978 D_A: 0.603 cycle_B: 3.018 [0m
[[32m2024-11-15 12:15:18[0m][[36mganslate.utils.trackers.training[0m][[1mINFO[0m] - [1m
-------------------- (iter: 60 | comp: 1.311, data: 1.024 | lr_G: 0.0004000, lr_D: 0.0002000) --------------------
G_AB: 1.924 D_B: 1.825 cycle_A: 1.636 G_BA: 0.580 D_A: 0.980 cycle_B: 2.184 [0m
[[32m2024-11-15 12:15:55[0m][[36mganslate.utils.trackers.training[0m][[1mINFO[0m] - [1m
-------------------- (iter: 70 | comp: 1.310, data: 1.180 | lr_G: 0.0004000, lr_D: 0.0002000) --------------------
G_AB: 0.270 D_B: 0.929 cycle_A: 1.331 G_BA: 0.121 D_A: 1.051 cycle_B: 2.204 [0m
[[32m2024-11-15 12:16:31[0m][[36mganslate.utils.trackers.training[0m][[1mINFO[0m] - [1m
-------------------- (iter: 80 | comp: 1.312, data: 0.620 | lr_G: 0.0004000, lr_D: 0.0002000) --------------------
G_AB: 0.351 D_B: 0.589 cycle_A: 1.571 G_BA: 0.222 D_A: 0.648 cycle_B: 2.024 [0m
[[32m2024-11-15 12:17:07[0m][[36mganslate.utils.trackers.training[0m][[1mINFO[0m] - [1m
-------------------- (iter: 90 | comp: 1.311, data: 1.066 | lr_G: 0.0004000, lr_D: 0.0002000) --------------------
G_AB: 0.916 D_B: 1.104 cycle_A: 1.141 G_BA: 0.669 D_A: 1.043 cycle_B: 1.965 [0m
[[32m2024-11-15 12:17:42[0m][[36mganslate.utils.trackers.training[0m][[1mINFO[0m] - [1m
-------------------- (iter: 100 | comp: 1.312, data: 1.059 | lr_G: 0.0004000, lr_D: 0.0002000) --------------------
G_AB: 0.425 D_B: 0.650 cycle_A: 1.495 G_BA: 0.316 D_A: 0.670 cycle_B: 1.746 [0m
[[32m2024-11-15 12:17:43[0m][[36mganslate.engines.trainer[0m][[1mINFO[0m] - [1mSaving the model after 100 iterations.[0m
[[32m2024-11-15 12:18:20[0m][[36mganslate.utils.trackers.training[0m][[1mINFO[0m] - [1m
-------------------- (iter: 110 | comp: 1.308, data: 0.693 | lr_G: 0.0004000, lr_D: 0.0002000) --------------------
G_AB: 0.203 D_B: 0.875 cycle_A: 1.584 G_BA: 0.161 D_A: 0.880 cycle_B: 2.293 [0m
[[32m2024-11-15 12:18:55[0m][[36mganslate.utils.trackers.training[0m][[1mINFO[0m] - [1m
-------------------- (iter: 120 | comp: 1.311, data: 0.560 | lr_G: 0.0004000, lr_D: 0.0002000) --------------------
G_AB: 0.685 D_B: 0.783 cycle_A: 1.442 G_BA: 0.469 D_A: 0.572 cycle_B: 1.809 [0m
[[32m2024-11-15 12:19:30[0m][[36mganslate.utils.trackers.training[0m][[1mINFO[0m] - [1m
-------------------- (iter: 130 | comp: 1.309, data: 0.884 | lr_G: 0.0004000, lr_D: 0.0002000) --------------------
G_AB: 0.375 D_B: 0.759 cycle_A: 1.390 G_BA: 0.189 D_A: 0.405 cycle_B: 2.008 [0m
[[32m2024-11-15 12:20:04[0m][[36mganslate.utils.trackers.training[0m][[1mINFO[0m] - [1m
-------------------- (iter: 140 | comp: 1.313, data: 0.638 | lr_G: 0.0004000, lr_D: 0.0002000) --------------------
G_AB: 0.359 D_B: 0.514 cycle_A: 1.391 G_BA: 0.152 D_A: 0.366 cycle_B: 1.673 [0m
[[32m2024-11-15 12:20:39[0m][[36mganslate.utils.trackers.training[0m][[1mINFO[0m] - [1m
-------------------- (iter: 150 | comp: 1.310, data: 0.566 | lr_G: 0.0004000, lr_D: 0.0002000) --------------------
G_AB: 0.502 D_B: 0.873 cycle_A: 1.160 G_BA: 0.742 D_A: 0.905 cycle_B: 1.455 [0m
[[32m2024-11-15 12:21:14[0m][[36mganslate.utils.trackers.training[0m][[1mINFO[0m] - [1m
-------------------- (iter: 160 | comp: 1.310, data: 0.809 | lr_G: 0.0004000, lr_D: 0.0002000) --------------------
G_AB: 0.321 D_B: 0.509 cycle_A: 0.905 G_BA: 0.338 D_A: 0.625 cycle_B: 1.273 [0m
[[32m2024-11-15 12:21:49[0m][[36mganslate.utils.trackers.training[0m][[1mINFO[0m] - [1m
-------------------- (iter: 170 | comp: 1.309, data: 0.719 | lr_G: 0.0004000, lr_D: 0.0002000) --------------------
G_AB: 0.557 D_B: 0.804 cycle_A: 1.305 G_BA: 0.284 D_A: 0.573 cycle_B: 1.979 [0m
[[32m2024-11-15 12:22:23[0m][[36mganslate.utils.trackers.training[0m][[1mINFO[0m] - [1m
-------------------- (iter: 180 | comp: 1.306, data: 0.604 | lr_G: 0.0004000, lr_D: 0.0002000) --------------------
G_AB: 0.181 D_B: 0.446 cycle_A: 1.083 G_BA: 0.441 D_A: 0.693 cycle_B: 1.301 [0m
[[32m2024-11-15 12:22:58[0m][[36mganslate.utils.trackers.training[0m][[1mINFO[0m] - [1m
-------------------- (iter: 190 | comp: 1.311, data: 0.717 | lr_G: 0.0004000, lr_D: 0.0002000) --------------------
G_AB: 1.437 D_B: 2.130 cycle_A: 0.783 G_BA: 0.734 D_A: 0.740 cycle_B: 0.556 [0m
[[32m2024-11-15 12:23:32[0m][[36mganslate.utils.trackers.training[0m][[1mINFO[0m] - [1m
-------------------- (iter: 200 | comp: 1.310, data: 0.642 | lr_G: 0.0004000, lr_D: 0.0002000) --------------------
G_AB: 0.521 D_B: 0.594 cycle_A: 0.489 G_BA: 0.475 D_A: 1.124 cycle_B: 0.567 [0m
[[32m2024-11-15 12:23:34[0m][[36mganslate.engines.trainer[0m][[1mINFO[0m] - [1mSaving the model after 200 iterations.[0m
[[32m2024-11-15 12:24:09[0m][[36mganslate.utils.trackers.training[0m][[1mINFO[0m] - [1m
-------------------- (iter: 210 | comp: 1.317, data: 0.526 | lr_G: 0.0003216, lr_D: 0.0001608) --------------------
G_AB: 0.167 D_B: 0.506 cycle_A: 0.792 G_BA: 0.865 D_A: 0.547 cycle_B: 0.742 [0m
[[32m2024-11-15 12:24:44[0m][[36mganslate.utils.trackers.training[0m][[1mINFO[0m] - [1m
-------------------- (iter: 220 | comp: 1.316, data: 0.652 | lr_G: 0.0002431, lr_D: 0.0001216) --------------------
G_AB: 0.227 D_B: 0.701 cycle_A: 0.742 G_BA: 0.093 D_A: 0.761 cycle_B: 0.714 [0m
[[32m2024-11-15 12:25:18[0m][[36mganslate.utils.trackers.training[0m][[1mINFO[0m] - [1m
-------------------- (iter: 230 | comp: 1.303, data: 0.653 | lr_G: 0.0001647, lr_D: 0.0000824) --------------------
G_AB: 0.185 D_B: 0.642 cycle_A: 0.747 G_BA: 0.181 D_A: 0.618 cycle_B: 0.907 [0m
[[32m2024-11-15 12:25:53[0m][[36mganslate.utils.trackers.training[0m][[1mINFO[0m] - [1m
-------------------- (iter: 240 | comp: 1.309, data: 0.819 | lr_G: 0.0000863, lr_D: 0.0000431) --------------------
G_AB: 0.176 D_B: 0.452 cycle_A: 0.671 G_BA: 0.306 D_A: 0.567 cycle_B: 0.841 [0m
[[32m2024-11-15 12:26:28[0m][[36mganslate.utils.trackers.training[0m][[1mINFO[0m] - [1m
-------------------- (iter: 250 | comp: 1.311, data: 0.731 | lr_G: 0.0000078, lr_D: 0.0000039) --------------------
G_AB: 0.276 D_B: 0.518 cycle_A: 0.819 G_BA: 0.154 D_A: 0.442 cycle_B: 0.833 [0m
Traceback (most recent call last):
  File "/mnt/homeGPU/tenayat/conda4ganslate/bin/ganslate", line 8, in <module>
    sys.exit(interface())
  File "/mnt/homeGPU/tenayat/conda4ganslate/lib/python3.9/site-packages/click/core.py", line 1157, in __call__
    return self.main(*args, **kwargs)
  File "/mnt/homeGPU/tenayat/conda4ganslate/lib/python3.9/site-packages/click/core.py", line 1078, in main
    rv = self.invoke(ctx)
  File "/mnt/homeGPU/tenayat/conda4ganslate/lib/python3.9/site-packages/click/core.py", line 1688, in invoke
    return _process_result(sub_ctx.command.invoke(sub_ctx))
  File "/mnt/homeGPU/tenayat/conda4ganslate/lib/python3.9/site-packages/click/core.py", line 1434, in invoke
    return ctx.invoke(self.callback, **ctx.params)
  File "/mnt/homeGPU/tenayat/conda4ganslate/lib/python3.9/site-packages/click/core.py", line 783, in invoke
    return __callback(*args, **kwargs)
  File "/mnt/homeGPU/tenayat/conda4ganslate/lib/python3.9/site-packages/ganslate/utils/cli/interface.py", line 25, in train
    init_engine('train', omegaconf_args).run()
  File "/mnt/homeGPU/tenayat/conda4ganslate/lib/python3.9/site-packages/ganslate/engines/trainer.py", line 78, in run
    self.tracker.save_learning_curves(all_losses)
  File "/mnt/homeGPU/tenayat/conda4ganslate/lib/python3.9/site-packages/ganslate/utils/trackers/training.py", line 94, in save_learning_curves
    losses_discriminator.append(d['D'].detach().cpu().item())
KeyError: 'D'
